Loading design...
Design: SKY130 Charge Pump Voltage Doubler
Parameters: 14
Specs: 5

DE: 14 params, pop=30, patience=10, workers=4
[DE] iter    1 | best: 2.177253e+01 | no_improve:   0 | div: 0.2891 | dt: 45.134s
[DE] iter    2 | best: 1.654005e+01 | no_improve:   0 | div: 0.2644 | dt: 44.495s
[DE] iter    3 | best: 1.654005e+01 | no_improve:   1 | div: 0.2556 | dt: 45.147s
[DE] iter    4 | best: 7.632261e+00 | no_improve:   0 | div: 0.2419 | dt: 45.387s
[DE] iter    5 | best: 7.632261e+00 | no_improve:   1 | div: 0.2315 | dt: 44.652s
[DE] iter    6 | best: 1.941181e+00 | no_improve:   0 | div: 0.2339 | dt: 44.471s
[DE] iter    7 | best: -9.985337e-01 | no_improve:   0 | div: 0.2233 | dt: 45.738s
[DE] iter    8 | best: -9.985337e-01 | no_improve:   1 | div: 0.2238 | dt: 262.026s
[DE] iter    9 | best: -9.985337e-01 | no_improve:   2 | div: 0.2190 | dt: 44.816s
[DE] iter   10 | best: -1.177135e+00 | no_improve:   0 | div: 0.2113 | dt: 45.349s
[DE] iter   11 | best: -2.868211e+00 | no_improve:   0 | div: 0.2107 | dt: 45.803s
[DE] iter   12 | best: -2.868211e+00 | no_improve:   1 | div: 0.2006 | dt: 45.285s
[DE] iter   13 | best: -2.868211e+00 | no_improve:   2 | div: 0.1957 | dt: 45.926s
[DE] iter   14 | best: -2.868211e+00 | no_improve:   3 | div: 0.1807 | dt: 45.981s
[DE] iter   15 | best: -2.868211e+00 | no_improve:   4 | div: 0.1764 | dt: 45.992s
[DE] iter   16 | best: -3.273770e+00 | no_improve:   0 | div: 0.1704 | dt: 46.671s
[DE] iter   17 | best: -3.478979e+00 | no_improve:   0 | div: 0.1715 | dt: 45.821s
[DE] iter   18 | best: -3.581859e+00 | no_improve:   0 | div: 0.1690 | dt: 45.628s
[DE] iter   19 | best: -4.517224e+00 | no_improve:   0 | div: 0.1677 | dt: 46.361s
[DE] iter   20 | best: -4.517224e+00 | no_improve:   1 | div: 0.1621 | dt: 46.212s
[DE] iter   21 | best: -4.517224e+00 | no_improve:   2 | div: 0.1639 | dt: 46.126s
[DE] iter   22 | best: -4.517224e+00 | no_improve:   3 | div: 0.1557 | dt: 45.946s
[DE] iter   23 | best: -4.517224e+00 | no_improve:   4 | div: 0.1560 | dt: 45.522s
[DE] iter   24 | best: -4.517224e+00 | no_improve:   5 | div: 0.1553 | dt: 46.247s
[DE] iter   25 | best: -4.517224e+00 | no_improve:   6 | div: 0.1513 | dt: 47.052s
[DE] iter   26 | best: -4.517224e+00 | no_improve:   7 | div: 0.1520 | dt: 161.769s
[DE] iter   27 | best: -4.632521e+00 | no_improve:   0 | div: 0.1505 | dt: 45.353s
[DE] iter   28 | best: -4.632521e+00 | no_improve:   1 | div: 0.1485 | dt: 46.111s
[DE] iter   29 | best: -4.632521e+00 | no_improve:   2 | div: 0.1463 | dt: 47.027s
[DE] iter   30 | best: -4.632521e+00 | no_improve:   3 | div: 0.1350 | dt: 47.569s
[DE] iter   31 | best: -4.632521e+00 | no_improve:   4 | div: 0.1308 | dt: 46.815s
[DE] iter   32 | best: -4.733573e+00 | no_improve:   0 | div: 0.1275 | dt: 45.426s
[DE] iter   33 | best: -4.733573e+00 | no_improve:   1 | div: 0.1263 | dt: 47.363s
[DE] iter   34 | best: -4.733573e+00 | no_improve:   2 | div: 0.1220 | dt: 49.998s
[DE] iter   35 | best: -4.733573e+00 | no_improve:   3 | div: 0.1126 | dt: 47.401s
[DE] iter   36 | best: -4.733573e+00 | no_improve:   4 | div: 0.1094 | dt: 47.305s
[DE] iter   37 | best: -4.733573e+00 | no_improve:   5 | div: 0.1029 | dt: 47.009s
[DE] iter   38 | best: -4.785165e+00 | no_improve:   0 | div: 0.0961 | dt: 46.493s
[DE] iter   39 | best: -4.874934e+00 | no_improve:   0 | div: 0.0894 | dt: 48.171s
[DE] iter   40 | best: -4.894675e+00 | no_improve:   0 | div: 0.0900 | dt: 104.242s
[DE] iter   41 | best: -4.920907e+00 | no_improve:   0 | div: 0.0842 | dt: 101.611s
[DE] iter   42 | best: -4.920907e+00 | no_improve:   1 | div: 0.0849 | dt: 47.250s
[DE] iter   43 | best: -4.920907e+00 | no_improve:   2 | div: 0.0830 | dt: 46.703s
[DE] iter   44 | best: -4.920907e+00 | no_improve:   3 | div: 0.0777 | dt: 47.693s
[DE] iter   45 | best: -4.920907e+00 | no_improve:   4 | div: 0.0774 | dt: 47.374s
[DE] iter   46 | best: -4.920907e+00 | no_improve:   5 | div: 0.0739 | dt: 46.855s
[DE] iter   47 | best: -4.920907e+00 | no_improve:   6 | div: 0.0738 | dt: 48.205s
[DE] iter   48 | best: -4.954249e+00 | no_improve:   0 | div: 0.0726 | dt: 47.928s
[DE] iter   49 | best: -4.954249e+00 | no_improve:   1 | div: 0.0738 | dt: 47.162s
[DE] iter   50 | best: -4.954249e+00 | no_improve:   2 | div: 0.0729 | dt: 44.027s

============================================================
  Stop reason:  max_iterations
  Converged:    False
  Iterations:   50
  Best metric:  -4.954249e+00
  Diversity:    0.0729
  Best parameters:
    Cfly1: 1.209556e+02
    Cfly2: 1.959004e+02
    Cmid: 3.686194e+01
    Cout: 1.216823e+02
    Freq: 4.891378e+01
    Ln1: 5.424636e-01
    Ln2: 5.083670e-01
    Lp1: 9.202984e-01
    Lp2: 5.110611e-01
    Rload: 3.009917e+03
    Wn1: 4.878669e+01
    Wn2: 4.463298e+01
    Wp1: 2.436174e+01
    Wp2: 4.463564e+01
============================================================


======================================================================
  EVALUATION REPORT — SKY130 Charge Pump Voltage Doubler
======================================================================

  Score: 1.00 / 1.00  |  Time: 2760.8s
  DE converged: False  |  Iterations: 50  |  Diversity: 0.0729
  Stop reason: max_iterations

  Specs met: 5/5

  Spec                            Target     Measured     Unit   Status  Score
  -------------------------------------------------------------------------
  vout_v                            >3.0        3.592        V     PASS  1.00
  iout_ma                             >1        1.193       mA     PASS  1.00
  efficiency_pct                     >50       67.225        %     PASS  1.00
  ripple_mv                         <100        4.647       mV     PASS  1.00
  startup_us                         <50        0.739       us     PASS  1.00

  Best Parameters:
    Cfly1                = 1.2096e+02
    Cfly2                = 1.9590e+02
    Cmid                 = 3.6862e+01
    Cout                 = 1.2168e+02
    Freq                 = 4.8914e+01
    Ln1                  = 5.4246e-01
    Ln2                  = 5.0837e-01
    Lp1                  = 9.2030e-01
    Lp2                  = 5.1106e-01
    Rload                = 3.0099e+03
    Wn1                  = 4.8787e+01
    Wn2                  = 4.4633e+01
    Wp1                  = 2.4362e+01
    Wp2                  = 4.4636e+01

======================================================================


Saved: best_parameters.csv, measurements.json, plots/
Score: 1.00 | Specs met: 5/5 | Converged: False
