Loading design...
Design: SKY130 Charge Pump Voltage Doubler
Parameters: 14
Specs: 5

DE: 14 params, pop=100, patience=20, workers=32
[DE] iter    1 | best: 3.603507e+01 | no_improve:   0 | div: 0.2886 | dt: 141.079s
[DE] iter    2 | best: 1.254191e+01 | no_improve:   0 | div: 0.2866 | dt: 149.516s
[DE] iter    3 | best: -1.284428e+00 | no_improve:   0 | div: 0.2863 | dt: 155.681s
[DE] iter    4 | best: -1.284428e+00 | no_improve:   1 | div: 0.2849 | dt: 178.392s
[DE] iter    5 | best: -1.284428e+00 | no_improve:   2 | div: 0.2854 | dt: 169.863s
[DE] iter    6 | best: -1.284428e+00 | no_improve:   3 | div: 0.2854 | dt: 180.129s
[DE] iter    7 | best: -1.284428e+00 | no_improve:   4 | div: 0.2857 | dt: 170.473s
[DE] iter    8 | best: -1.284428e+00 | no_improve:   5 | div: 0.2857 | dt: 180.121s
[DE] iter    9 | best: -2.501865e+00 | no_improve:   0 | div: 0.2864 | dt: 151.909s
[DE] iter   10 | best: -2.501865e+00 | no_improve:   1 | div: 0.2864 | dt: 137.650s
[DE] iter   11 | best: -2.501865e+00 | no_improve:   2 | div: 0.2851 | dt: 159.159s
[DE] iter   12 | best: -2.501865e+00 | no_improve:   3 | div: 0.2850 | dt: 176.536s
[DE] iter   13 | best: -2.501865e+00 | no_improve:   4 | div: 0.2850 | dt: 147.753s
[DE] iter   14 | best: -2.501865e+00 | no_improve:   5 | div: 0.2850 | dt: 175.962s
[DE] iter   15 | best: -2.686886e+00 | no_improve:   0 | div: 0.2855 | dt: 154.834s
[DE] iter   16 | best: -2.686886e+00 | no_improve:   1 | div: 0.2851 | dt: 147.786s
[DE] iter   17 | best: -2.686886e+00 | no_improve:   2 | div: 0.2851 | dt: 145.774s
[DE] iter   18 | best: -2.686886e+00 | no_improve:   3 | div: 0.2851 | dt: 167.313s
[DE] iter   19 | best: -2.686886e+00 | no_improve:   4 | div: 0.2851 | dt: 180.121s
[DE] iter   20 | best: -2.686886e+00 | no_improve:   5 | div: 0.2859 | dt: 148.256s
[DE] iter   21 | best: -2.686886e+00 | no_improve:   6 | div: 0.2859 | dt: 180.076s
[DE] iter   22 | best: -2.686886e+00 | no_improve:   7 | div: 0.2859 | dt: 179.193s
[DE] iter   23 | best: -2.686886e+00 | no_improve:   8 | div: 0.2859 | dt: 169.405s
[DE] iter   24 | best: -2.686886e+00 | no_improve:   9 | div: 0.2859 | dt: 158.492s
[DE] iter   25 | best: -2.686886e+00 | no_improve:  10 | div: 0.2859 | dt: 162.599s
[DE] iter   26 | best: -3.066776e+00 | no_improve:   0 | div: 0.2849 | dt: 139.663s
[DE] iter   27 | best: -3.066776e+00 | no_improve:   1 | div: 0.2849 | dt: 160.898s
[DE] iter   28 | best: -3.066776e+00 | no_improve:   2 | div: 0.2849 | dt: 164.325s
[DE] iter   29 | best: -3.763979e+00 | no_improve:   0 | div: 0.2853 | dt: 161.170s

============================================================
  Stop reason:  metric_threshold
  Converged:    True
  Iterations:   29
  Best metric:  -3.763979e+00
  Diversity:    0.2853
  Best parameters:
    Cfly1: 1.926089e+02
    Cfly2: 4.279584e+02
    Cmid: 1.268458e+02
    Cout: 2.966452e+02
    Freq: 2.309396e+01
    Ln1: 5.688828e-01
    Ln2: 6.764201e-01
    Lp1: 2.478840e+00
    Lp2: 1.801716e+00
    Rload: 2.586253e+03
    Wn1: 3.872372e+01
    Wn2: 7.053330e+01
    Wp1: 3.496086e+01
    Wp2: 3.360289e+01
============================================================


======================================================================
  EVALUATION REPORT — SKY130 Charge Pump Voltage Doubler
======================================================================

  Score: 1.00 / 1.00  |  Time: 4694.3s
  DE converged: True  |  Iterations: 29  |  Diversity: 0.2853
  Stop reason: metric_threshold

  Specs met: 4/5

  Spec                            Target     Measured     Unit   Status  Score
  -------------------------------------------------------------------------
  vout_v                            >3.0        2.970        V     FAIL  0.99
  iout_ma                             >1        1.148       mA     PASS  1.00
  efficiency_pct                     >50       55.422        %     PASS  1.00
  ripple_mv                         <100        8.775       mV     PASS  1.00
  startup_us                         <50        2.061       us     PASS  1.00

  Best Parameters:
    Cfly1                = 1.9261e+02
    Cfly2                = 4.2796e+02
    Cmid                 = 1.2685e+02
    Cout                 = 2.9665e+02
    Freq                 = 2.3094e+01
    Ln1                  = 5.6888e-01
    Ln2                  = 6.7642e-01
    Lp1                  = 2.4788e+00
    Lp2                  = 1.8017e+00
    Rload                = 2.5863e+03
    Wn1                  = 3.8724e+01
    Wn2                  = 7.0533e+01
    Wp1                  = 3.4961e+01
    Wp2                  = 3.3603e+01

======================================================================


Saved: best_parameters.csv, measurements.json, plots/
Score: 1.00 | Specs met: 4/5 | Converged: True
